<?xml version="1.0" encoding="UTF-8"?>
<!-- Generated by org.testng.reporters.JUnitXMLReporter -->
<testsuite ignored="0" hostname="Aakash" failures="1" tests="2" name="Test" time="34.801" errors="0" timestamp="2024-09-30T10:57:19 IST">
  <testcase classname="testCases.tc002_MyLogin" name="verifyMylogin" time="11.394">
    <failure type="java.lang.AssertionError" message="expected [true] but found [false]">
      <![CDATA[java.lang.AssertionError: expected [true] but found [false]
at testCases.tc002_MyLogin.verifyMylogin(tc002_MyLogin.java:42)
at java.base/java.util.ArrayList.forEach(ArrayList.java:1597)
... Removed 32 stack frames]]>
    </failure>
  </testcase> <!-- verifyMylogin -->
  <testcase classname="testCases.tc002_MyLogin" name="verifyMylogin" time="1.098"/>
</testsuite> <!-- Test -->
