<?xml version="1.0" encoding="UTF-8"?>
<testng-results ignored="0" total="1" passed="1" failed="0" skipped="0">
  <reporter-output>
  </reporter-output>
  <suite started-at="2024-09-29T18:41:33 IST" name="Suite" finished-at="2024-09-29T18:41:58 IST" duration-ms="24725">
    <groups>
      <group name="Sanity">
        <method signature="tc002_MyLogin.verifyMylogin()[pri:0, instance:testCases.tc002_MyLogin@4b5189ac]" name="verifyMylogin" class="testCases.tc002_MyLogin"/>
      </group> <!-- Sanity -->
    </groups>
    <test started-at="2024-09-29T18:41:33 IST" name="Test" finished-at="2024-09-29T18:41:58 IST" duration-ms="24725">
      <class name="testCases.tc002_MyLogin">
        <test-method is-config="true" signature="openApp(java.lang.String)[pri:0, instance:testCases.tc002_MyLogin@4b5189ac]" started-at="2024-09-29T18:41:33 IST" name="openApp" finished-at="2024-09-29T18:41:56 IST" duration-ms="23120" status="PASS">
          <params>
            <param index="0">
              <value>
                <![CDATA[chrome]]>
              </value>
            </param>
          </params>
          <reporter-output>
          </reporter-output>
        </test-method> <!-- openApp -->
        <test-method signature="verifyMylogin()[pri:0, instance:testCases.tc002_MyLogin@4b5189ac]" started-at="2024-09-29T18:41:56 IST" name="verifyMylogin" finished-at="2024-09-29T18:41:58 IST" duration-ms="1551" status="PASS">
          <reporter-output>
          </reporter-output>
        </test-method> <!-- verifyMylogin -->
      </class> <!-- testCases.tc002_MyLogin -->
    </test> <!-- Test -->
  </suite> <!-- Suite -->
</testng-results>
